<?xml version="1.0" encoding="UTF-8"?>
<testng-results skipped="0" failed="0" total="1" passed="1">
  <reporter-output>
  </reporter-output>
  <suite name="Suite" duration-ms="13360" started-at="2017-02-25T01:50:08Z" finished-at="2017-02-25T01:50:22Z">
    <groups>
    </groups>
    <test name="Test" duration-ms="13360" started-at="2017-02-25T01:50:08Z" finished-at="2017-02-25T01:50:22Z">
      <class name="SampleMaven.partiallink">
        <test-method status="PASS" signature="before()[pri:0, instance:SampleMaven.partiallink@7a5d012c]" name="before" is-config="true" duration-ms="6897" started-at="2017-02-24T17:50:09Z" finished-at="2017-02-24T17:50:15Z">
          <reporter-output>
          </reporter-output>
        </test-method> <!-- before -->
        <test-method status="PASS" signature="main()[pri:0, instance:SampleMaven.partiallink@7a5d012c]" name="main" duration-ms="3848" started-at="2017-02-24T17:50:15Z" finished-at="2017-02-24T17:50:19Z">
          <reporter-output>
          </reporter-output>
        </test-method> <!-- main -->
        <test-method status="PASS" signature="after()[pri:0, instance:SampleMaven.partiallink@7a5d012c]" name="after" is-config="true" duration-ms="2588" started-at="2017-02-24T17:50:19Z" finished-at="2017-02-24T17:50:22Z">
          <reporter-output>
          </reporter-output>
        </test-method> <!-- after -->
      </class> <!-- SampleMaven.partiallink -->
    </test> <!-- Test -->
  </suite> <!-- Suite -->
</testng-results>
